<?xml version="1.0" encoding="UTF-8"?>
<!-- Generated by org.testng.reporters.JUnitReportReporter -->
<testsuite hostname="LAPTOP-K7D3D6AT" failures="0" tests="1" name="test.apitest.RestTest1408" time="1.202" errors="0" timestamp="2024-08-17T11:27:06 IST" skipped="0">
  <testcase classname="test.apitest.RestTest1408" name="restTesting" time="1.202"/>
</testsuite> <!-- test.apitest.RestTest1408 -->
