<?xml version="1.0" encoding="UTF-8"?>
<!-- Generated by org.testng.reporters.JUnitReportReporter -->
<testsuite hostname="LAPTOP-K7D3D6AT" failures="0" tests="3" name="newpack.RestTest1408" time="1.338" errors="0" timestamp="17 Aug 2024 10:15:41 GMT">
  <testcase classname="newpack.RestTest1408" name="restTesting" time="1.146"/>
  <testcase classname="newpack.RestTest1408" name="restTesting1" time="0.094"/>
  <testcase classname="newpack.RestTest1408" name="restTesting2" time="0.098"/>
</testsuite> <!-- newpack.RestTest1408 -->
